<?xml version="1.0" encoding="UTF-8"?>
<robot generator="Robot 4.1 (Python 3.7.5 on win32)" generated="20210910 18:09:08.695" rpa="true" schemaversion="2">
<suite id="s1" name="Tasks" source="c:\Users\simo.parnanen\Desktop\RPA-repot\Robocorp_Certificate_Level_II_Assignment_Using_Python\tasks.robot">
<test id="s1-t1" name="Insert The Order Data And Save Receipts As PDF With Embedded Screenshots And Zip">
<kw name="Ask For The Orders Download Link" library="Keywordsinpython">
<var>${url}</var>
<msg timestamp="20210910 18:09:17.296" level="INFO">${url} = https://robotsparebinindustries.com/orders.csv</msg>
<status status="PASS" starttime="20210910 18:09:13.026" endtime="20210910 18:09:17.297"/>
</kw>
<kw name="Convert To String" library="BuiltIn">
<arg>${url}</arg>
<doc>Converts the given item to a Unicode string.</doc>
<status status="PASS" starttime="20210910 18:09:17.303" endtime="20210910 18:09:17.309"/>
</kw>
<kw name="Log To Console" library="BuiltIn">
<arg>${url}</arg>
<doc>Logs the given message to the console.</doc>
<status status="PASS" starttime="20210910 18:09:17.312" endtime="20210910 18:09:17.315"/>
</kw>
<kw name="Download The Orders File" library="Keywordsinpython">
<var>${orders}</var>
<arg>${url}</arg>
<msg timestamp="20210910 18:09:17.320" level="INFO">Creating a new HTTP session</msg>
<msg timestamp="20210910 18:09:17.320" level="INFO">Creating Session using : alias=rpasession_alias.httpsrobotsparebinindustries.com, url=https://robotsparebinindustries.com, headers={},                     cookies={}, auth=None, timeout=None, proxies=None, verify=True,                     debug=0 </msg>
<msg timestamp="20210910 18:09:17.528" level="INFO">GET Request : url=https://robotsparebinindustries.com/orders.csv 
 path_url=/orders.csv 
 headers={'User-Agent': 'python-requests/2.26.0', 'Accept-Encoding': 'gzip, deflate', 'Accept': '*/*', 'Connection': 'keep-alive'} 
 body=None 
 </msg>
<msg timestamp="20210910 18:09:17.528" level="INFO">GET Response : url=https://robotsparebinindustries.com/orders.csv 
 status=200, reason=OK 
 headers={'Connection': 'keep-alive', 'Content-Length': '199', 'Server': 'GitHub.com', 'Content-Type': 'text/csv; charset=utf-8', 'Strict-Transport-Security': 'max-age=31556952', 'Last-Modified': 'Fri, 13 Aug 2021 11:27:04 GMT', 'Access-Control-Allow-Origin': '*', 'ETag': 'W/"61165708-19c"', 'expires': 'Fri, 10 Sep 2021 14:35:35 GMT', 'Cache-Control': 'max-age=600', 'Content-Encoding': 'gzip', 'x-proxy-cache': 'MISS', 'X-GitHub-Request-Id': '84B8:348E:64682B:673DDF:613B6ADF', 'Accept-Ranges': 'bytes', 'Date': 'Fri, 10 Sep 2021 15:09:17 GMT', 'Via': '1.1 varnish', 'Age': '348', 'X-Served-By': 'cache-bma1661-BMA', 'X-Cache': 'HIT', 'X-Cache-Hits': '1', 'X-Timer': 'S1631286558.518281,VS0,VE1', 'Vary': 'Accept-Encoding', 'X-Fastly-Request-ID': '2c4c748fc4d8b47bd8e807b9489b103092aefc1e'} 
 body=Order number,Head,Body,Legs,Address
1,1,2,3,Address 123
2,4,1,5,Address 456
3,6,2,3,Address 789
4,2,3,2,Address 1
5,3,5,1,Address 2
6,1,6,6,Address 3
7,5,1,5,Address 4
8,2,3,3,Address 5
9,3,2,2,Address 6
10,4,4,2,Address 7
11,6,6,1,Address 8
12,1,3,3,Address 9
13,1,5,4,Address A
14,3,1,5,Address B
15,3,2,6,Address C
16,6,3,6,Address D
17,5,4,1,Address E
18,2,5,1,Address F
19,4,6,2,Address G
20,1,1,5,Address H 
 </msg>
<msg timestamp="20210910 18:09:17.538" level="INFO">Failed to open as Excel Binary Format (.xls): Unsupported format, or corrupt file: Expected BOF record; found b'Order nu'</msg>
<msg timestamp="20210910 18:09:17.538" level="FAIL">ValueError: Failed to open Excel file (C:\Users\simo.parnanen\Desktop\RPA-repot\Robocorp_Certificate_Level_II_Assignment_Using_Python\orders.csv), verify that the path and extension are correct</msg>
<status status="FAIL" starttime="20210910 18:09:17.317" endtime="20210910 18:09:17.538"/>
</kw>
<kw name="Open The RobotSpareBin Order Website" library="Keywordsinpython">
<status status="NOT RUN" starttime="20210910 18:09:17.556" endtime="20210910 18:09:17.558"/>
</kw>
<kw name="Close The Annoying Modal" library="Keywordsinpython">
<status status="NOT RUN" starttime="20210910 18:09:17.560" endtime="20210910 18:09:17.562"/>
</kw>
<kw name="Order Robots From Robotsparebin Industries Inc" library="Keywordsinpython">
<arg>${orders}</arg>
<status status="NOT RUN" starttime="20210910 18:09:17.565" endtime="20210910 18:09:17.567"/>
</kw>
<kw name="Archive Folder With Zip" library="RPA.Archive">
<arg>c:\\Users\\simo.parnanen\\Desktop\\RPA-repot\\Robocorp_Certificate_Level_II_Assignment_Using_Python${/}output${/}receipts</arg>
<arg>c:\\Users\\simo.parnanen\\Desktop\\RPA-repot\\Robocorp_Certificate_Level_II_Assignment_Using_Python${/}output${/}receipts.zip</arg>
<doc>Create a zip archive of a folder</doc>
<status status="NOT RUN" starttime="20210910 18:09:17.570" endtime="20210910 18:09:17.572"/>
</kw>
<kw name="Close Browser" library="RPA.Browser.Selenium">
<doc>Closes the current browser.</doc>
<status status="NOT RUN" starttime="20210910 18:09:17.575" endtime="20210910 18:09:17.577"/>
</kw>
<kw name="End Log" type="TEARDOWN">
<kw name="Log" library="BuiltIn">
<arg>Done.</arg>
<doc>Logs the given message with the given level.</doc>
<msg timestamp="20210910 18:09:17.589" level="INFO">Done.</msg>
<status status="PASS" starttime="20210910 18:09:17.586" endtime="20210910 18:09:17.589"/>
</kw>
<status status="PASS" starttime="20210910 18:09:17.582" endtime="20210910 18:09:17.591"/>
</kw>
<status status="FAIL" starttime="20210910 18:09:13.016" endtime="20210910 18:09:17.593">ValueError: Failed to open Excel file (C:\Users\simo.parnanen\Desktop\RPA-repot\Robocorp_Certificate_Level_II_Assignment_Using_Python\orders.csv), verify that the path and extension are correct</status>
</test>
<doc>Certificate level II, Simo Pärnänen (using Python).
Saves the order HTML receipt as a PDF file.
Saves the screenshot of the ordered robot.
Embeds the screenshot of the robot to the PDF receipt.
Creates ZIP archive of the receipts and the images.</doc>
<status status="FAIL" starttime="20210910 18:09:08.711" endtime="20210910 18:09:17.599"/>
</suite>
<statistics>
<total>
<stat pass="0" fail="1" skip="0">All Tasks</stat>
</total>
<tag>
</tag>
<suite>
<stat pass="0" fail="1" skip="0" id="s1" name="Tasks">Tasks</stat>
</suite>
</statistics>
<errors>
</errors>
</robot>
