<?xml version="1.0" encoding="UTF-8"?>
<robot generator="Robot 4.1 (Python 3.7.5 on win32)" generated="20210909 12:20:16.771" rpa="false" schemaversion="2">
<suite id="s1" name="Robot Scratchpad" source="c:\Users\simo.parnanen\.vscode\extensions\robocorp.robotframework-lsp-0.22.0\src\robotframework_ls\vendored\robotframework_interactive\robot_scratchpad.robot">
<test id="s1-t1" name="Default Task/Test">
<kw name="Interpreter Main Loop" library="MainLoop">
<status status="PASS" starttime="20210909 12:20:16.812" endtime="20210909 12:20:28.262"/>
</kw>
<status status="PASS" starttime="20210909 12:20:16.812" endtime="20210909 12:20:28.262"/>
</test>
<status status="PASS" starttime="20210909 12:20:16.773" endtime="20210909 12:20:28.263"/>
</suite>
<statistics>
<total>
<stat pass="1" fail="0" skip="0">All Tests</stat>
</total>
<tag>
</tag>
<suite>
<stat pass="1" fail="0" skip="0" id="s1" name="Robot Scratchpad">Robot Scratchpad</stat>
</suite>
</statistics>
<errors>
</errors>
</robot>
